[12:43:01.576] [INFO] storybook v10.5.2
[12:43:04.862] [PROMPT] Port 6006 is not available. 
Would you like to run Storybook on port 6007 instead? {"choice":true}
[12:43:05.610] [DEBUG] Getting package.json info for /home/mateusoliveira/Documentos/projetos/matech/matech-components/package.json...
[12:43:05.974] [DEBUG] Could not determine @babel/preset-env version in use. In case of runtime errors with @babel/preset-env, you may need to set the babelRemoveBugfixes feature flag in your `main.ts` file.
[12:43:06.230] [INFO] Starting...
[12:43:06.432] [DEBUG] Starting preview..
[12:43:06.462] [DEBUG] Using tsconfig paths for react-docgen
[12:43:06.560] [WARN] 🚨 Unable to index files:
- ./src/Typography/Typography.docs.mdx: Invariant failed: Could not find or load CSF file at path "./stories/Typography.stories" referenced by `of={}` in docs file "src/Typography/Typography.docs.mdx".

- Does that file exist?
- If so, is it a CSF file (`.stories.*`)?
- If so, is it matched by the `stories` glob in `main.js`?
- If so, has the file successfully loaded in Storybook and are its stories visible?
- ./src/Button/Button.docs.mdx: Invariant failed: Could not find or load CSF file at path "./stories/Button.stories" referenced by `of={}` in docs file "src/Button/Button.docs.mdx".

- Does that file exist?
- If so, is it a CSF file (`.stories.*`)?
- If so, is it matched by the `stories` glob in `main.js`?
- If so, has the file successfully loaded in Storybook and are its stories visible?
[12:43:06.564] [ERROR] Failed to build the preview
[12:43:06.567] [ERROR] Error: [38;2;241;97;97mUnable to index files:
- ./src/Typography/Typography.docs.mdx: Invariant failed: Could not find or load CSF file at path "./stories/Typography.stories" referenced by `of={}` in docs file "src/Typography/Typography.docs.mdx".

- Does that file exist?
- If so, is it a CSF file (`.stories.*`)?
- If so, is it matched by the `stories` glob in `main.js`?
- If so, has the file successfully loaded in Storybook and are its stories visible?
- ./src/Button/Button.docs.mdx: Invariant failed: Could not find or load CSF file at path "./stories/Button.stories" referenced by `of={}` in docs file "src/Button/Button.docs.mdx".

- Does that file exist?
- If so, is it a CSF file (`.stories.*`)?
- If so, is it matched by the `stories` glob in `main.js`?
- If so, has the file successfully loaded in Storybook and are its stories visible?[39m
    at _StoryIndexGenerator.getIndexAndStats (file://./node_modules/storybook/dist/core-server/index.js:19416:15)
    at async _StoryIndexGenerator.getIndex (file://./node_modules/storybook/dist/core-server/index.js:19405:13)
    at async config (file://./node_modules/@storybook/builder-vite/dist/_node-chunks/chunk-KTFK3ZDD.js:188:19)
    at async runConfigHook (file://./node_modules/vite/dist/node/chunks/dep-BK3b2jBa.js:67004:19)
    at async resolveConfig (file://./node_modules/vite/dist/node/chunks/dep-BK3b2jBa.js:66445:12)
    at async _createServer (file://./node_modules/vite/dist/node/chunks/dep-BK3b2jBa.js:63015:18)
    at async Module.start (file://./node_modules/@storybook/builder-vite/dist/index.js:1621:17)
    at async storybookDevServer (file://./node_modules/storybook/dist/core-server/index.js:11225:59)
    at async buildOrThrow (file://./node_modules/storybook/dist/core-server/index.js:8331:12)
    at async buildDevStandalone (file://./node_modules/storybook/dist/core-server/index.js:11990:41)
[12:43:06.571] [WARN] Broken build, fix the error above.
You may need to refresh the browser.